root - WARNING - No BibTeX citation found for Totales Differential und partielle Differentiation
root - WARNING - No BibTeX citation found for Vorlesungsskript 3
root - WARNING - No BibTeX citation found for Totales Differential und partielle Differentiation
root - WARNING - No BibTeX citation found for Schrödingergleichung
root - ERROR - Missing or empty bibtex_citation in metadata: {'paper_name': 'Totales Differential und partielle Differentiation', 'page_num': 1, 'full_path': './papers/Totales Differential und partielle Differentiation.pdf', 'bibtex_citation': {}}
root - ERROR - Missing or empty bibtex_citation in metadata: {'paper_name': 'Totales Differential und partielle Differentiation', 'page_num': 2, 'full_path': './papers/Totales Differential und partielle Differentiation.pdf', 'bibtex_citation': {}}
root - WARNING - No BibTeX citation found for Vorlesungsskript 3
root - WARNING - No BibTeX citation found for Vorlesungsskript 3
root - WARNING - No BibTeX citation found for Schrödingergleichung
root - ERROR - Missing or empty bibtex_citation in metadata: {'paper_name': 'Schrödingergleichung', 'page_num': 1, 'full_path': './papers/Schrödingergleichung.pdf', 'bibtex_citation': {}}
root - ERROR - Missing or empty bibtex_citation in metadata: {'paper_name': 'Schrödingergleichung', 'page_num': 2, 'full_path': './papers/Schrödingergleichung.pdf', 'bibtex_citation': {}}
root - WARNING - No BibTeX citation found for Vorlesungsskript 3
root - ERROR - Missing or empty bibtex_citation in metadata: {'paper_name': 'Vorlesungsskript 3', 'page_num': 1, 'full_path': './papers/Vorlesungsskript 3.pdf', 'bibtex_citation': {}}
root - ERROR - Missing or empty bibtex_citation in metadata: {'paper_name': 'Vorlesungsskript 3', 'page_num': 2, 'full_path': './papers/Vorlesungsskript 3.pdf', 'bibtex_citation': {}}
root - ERROR - Missing or empty bibtex_citation in metadata: {'paper_name': 'Vorlesungsskript 3', 'page_num': 3, 'full_path': './papers/Vorlesungsskript 3.pdf', 'bibtex_citation': {}}
root - ERROR - Missing or empty bibtex_citation in metadata: {'paper_name': 'Vorlesungsskript 3', 'page_num': 4, 'full_path': './papers/Vorlesungsskript 3.pdf', 'bibtex_citation': {}}
root - WARNING - No BibTeX citation found for Vorlesungsskript 1
root - WARNING - No BibTeX citation found for Vorlesungsskript 1
root - WARNING - No BibTeX citation found for Vorlesungsskript 1
root - WARNING - No BibTeX citation found for Vorlesungsskript 1
root - WARNING - No BibTeX citation found for Vorlesungsskript 2
root - WARNING - No BibTeX citation found for Vorlesungsskript 1
root - WARNING - No BibTeX citation found for Vorlesungsskript 1
root - WARNING - No BibTeX citation found for Vorlesungsskript 2
root - WARNING - No BibTeX citation found for Vorlesungsskript 2
root - WARNING - No BibTeX citation found for Vorlesungsskript 2
root - WARNING - No BibTeX citation found for Vorlesungsskript 2
root - WARNING - No BibTeX citation found for Vorlesungsskript 2
root - WARNING - No BibTeX citation found for Vorlesungsskript 2
root - WARNING - No BibTeX citation found for Vorlesungsskript 2
root - WARNING - No BibTeX citation found for Vorlesungsskript 2
root - WARNING - No BibTeX citation found for Vorlesungsskript 2
root - WARNING - No BibTeX citation found for Quantenmechanische Betrachtung der metallischen Leitung
root - WARNING - No BibTeX citation found for Quantenmechanische Betrachtung der metallischen Leitung
root - WARNING - No BibTeX citation found for Quantenmechanische Betrachtung der metallischen Leitung
root - WARNING - No BibTeX citation found for Vorlesungsskript 2
root - WARNING - No BibTeX citation found for Quantenmechanische Betrachtung der metallischen Leitung
root - WARNING - No BibTeX citation found for Quantenmechanische Betrachtung der metallischen Leitung
root - WARNING - No BibTeX citation found for Quantenmechanische Betrachtung der metallischen Leitung
root - WARNING - No BibTeX citation found for Vorlesungsskript 2
root - WARNING - No BibTeX citation found for Quantenmechanische Betrachtung der metallischen Leitung
root - WARNING - No BibTeX citation found for Quantenmechanische Betrachtung der metallischen Leitung
root - WARNING - No BibTeX citation found for Vorlesungsskript 2
root - WARNING - No BibTeX citation found for Quantenmechanische Betrachtung der metallischen Leitung
root - WARNING - No BibTeX citation found for Quantenmechanische Betrachtung der metallischen Leitung
root - WARNING - No BibTeX citation found for Vorlesungsskript 2
root - WARNING - No BibTeX citation found for Quantenmechanische Betrachtung der metallischen Leitung
root - WARNING - No BibTeX citation found for Quantenmechanische Betrachtung der metallischen Leitung
root - WARNING - No BibTeX citation found for Vorlesungsskript 2
root - WARNING - No BibTeX citation found for Quantenmechanische Betrachtung der metallischen Leitung
root - WARNING - No BibTeX citation found for Vorlesungsskript 2
root - WARNING - No BibTeX citation found for Quantenmechanische Betrachtung der metallischen Leitung
root - WARNING - No BibTeX citation found for Quantenmechanische Betrachtung der metallischen Leitung
root - WARNING - No BibTeX citation found for Vorlesungsskript 2
root - WARNING - No BibTeX citation found for Quantenmechanische Betrachtung der metallischen Leitung
root - WARNING - No BibTeX citation found for Vorlesungsskript 2
root - WARNING - No BibTeX citation found for Quantenmechanische Betrachtung der metallischen Leitung
root - WARNING - No BibTeX citation found for Vorlesungsskript 2
root - WARNING - No BibTeX citation found for Quantenmechanische Betrachtung der metallischen Leitung
root - WARNING - No BibTeX citation found for Vorlesungsskript 2
root - WARNING - No BibTeX citation found for Quantenmechanische Betrachtung der metallischen Leitung
root - WARNING - No BibTeX citation found for Vorlesungsskript 2
root - WARNING - No BibTeX citation found for Quantenmechanische Betrachtung der metallischen Leitung
root - WARNING - No BibTeX citation found for Vorlesungsskript 2
root - WARNING - No BibTeX citation found for Quantenmechanische Betrachtung der metallischen Leitung
root - WARNING - No BibTeX citation found for Vorlesungsskript 2
root - WARNING - No BibTeX citation found for Quantenmechanische Betrachtung der metallischen Leitung
root - ERROR - Missing or empty bibtex_citation in metadata: {'paper_name': 'Vorlesungsskript 2', 'page_num': 1, 'full_path': './papers/Vorlesungsskript 2.pdf', 'bibtex_citation': {}}
root - ERROR - Missing or empty bibtex_citation in metadata: {'paper_name': 'Vorlesungsskript 2', 'page_num': 2, 'full_path': './papers/Vorlesungsskript 2.pdf', 'bibtex_citation': {}}
root - ERROR - Missing or empty bibtex_citation in metadata: {'paper_name': 'Vorlesungsskript 2', 'page_num': 3, 'full_path': './papers/Vorlesungsskript 2.pdf', 'bibtex_citation': {}}
root - ERROR - Missing or empty bibtex_citation in metadata: {'paper_name': 'Vorlesungsskript 2', 'page_num': 4, 'full_path': './papers/Vorlesungsskript 2.pdf', 'bibtex_citation': {}}
root - ERROR - Missing or empty bibtex_citation in metadata: {'paper_name': 'Vorlesungsskript 2', 'page_num': 5, 'full_path': './papers/Vorlesungsskript 2.pdf', 'bibtex_citation': {}}
root - ERROR - Missing or empty bibtex_citation in metadata: {'paper_name': 'Vorlesungsskript 2', 'page_num': 6, 'full_path': './papers/Vorlesungsskript 2.pdf', 'bibtex_citation': {}}
root - ERROR - Missing or empty bibtex_citation in metadata: {'paper_name': 'Vorlesungsskript 2', 'page_num': 7, 'full_path': './papers/Vorlesungsskript 2.pdf', 'bibtex_citation': {}}
root - ERROR - Missing or empty bibtex_citation in metadata: {'paper_name': 'Vorlesungsskript 2', 'page_num': 8, 'full_path': './papers/Vorlesungsskript 2.pdf', 'bibtex_citation': {}}
root - ERROR - Missing or empty bibtex_citation in metadata: {'paper_name': 'Vorlesungsskript 2', 'page_num': 9, 'full_path': './papers/Vorlesungsskript 2.pdf', 'bibtex_citation': {}}
root - ERROR - Missing or empty bibtex_citation in metadata: {'paper_name': 'Vorlesungsskript 2', 'page_num': 10, 'full_path': './papers/Vorlesungsskript 2.pdf', 'bibtex_citation': {}}
root - ERROR - Missing or empty bibtex_citation in metadata: {'paper_name': 'Vorlesungsskript 2', 'page_num': 11, 'full_path': './papers/Vorlesungsskript 2.pdf', 'bibtex_citation': {}}
root - ERROR - Missing or empty bibtex_citation in metadata: {'paper_name': 'Vorlesungsskript 2', 'page_num': 12, 'full_path': './papers/Vorlesungsskript 2.pdf', 'bibtex_citation': {}}
root - ERROR - Missing or empty bibtex_citation in metadata: {'paper_name': 'Vorlesungsskript 2', 'page_num': 13, 'full_path': './papers/Vorlesungsskript 2.pdf', 'bibtex_citation': {}}
root - ERROR - Missing or empty bibtex_citation in metadata: {'paper_name': 'Vorlesungsskript 2', 'page_num': 14, 'full_path': './papers/Vorlesungsskript 2.pdf', 'bibtex_citation': {}}
root - ERROR - Missing or empty bibtex_citation in metadata: {'paper_name': 'Vorlesungsskript 2', 'page_num': 15, 'full_path': './papers/Vorlesungsskript 2.pdf', 'bibtex_citation': {}}
root - ERROR - Missing or empty bibtex_citation in metadata: {'paper_name': 'Vorlesungsskript 2', 'page_num': 16, 'full_path': './papers/Vorlesungsskript 2.pdf', 'bibtex_citation': {}}
root - ERROR - Missing or empty bibtex_citation in metadata: {'paper_name': 'Vorlesungsskript 2', 'page_num': 17, 'full_path': './papers/Vorlesungsskript 2.pdf', 'bibtex_citation': {}}
root - ERROR - Missing or empty bibtex_citation in metadata: {'paper_name': 'Vorlesungsskript 2', 'page_num': 18, 'full_path': './papers/Vorlesungsskript 2.pdf', 'bibtex_citation': {}}
root - ERROR - Missing or empty bibtex_citation in metadata: {'paper_name': 'Vorlesungsskript 2', 'page_num': 19, 'full_path': './papers/Vorlesungsskript 2.pdf', 'bibtex_citation': {}}
root - ERROR - Missing or empty bibtex_citation in metadata: {'paper_name': 'Vorlesungsskript 2', 'page_num': 20, 'full_path': './papers/Vorlesungsskript 2.pdf', 'bibtex_citation': {}}
root - ERROR - Missing or empty bibtex_citation in metadata: {'paper_name': 'Vorlesungsskript 2', 'page_num': 21, 'full_path': './papers/Vorlesungsskript 2.pdf', 'bibtex_citation': {}}
root - ERROR - Missing or empty bibtex_citation in metadata: {'paper_name': 'Vorlesungsskript 2', 'page_num': 22, 'full_path': './papers/Vorlesungsskript 2.pdf', 'bibtex_citation': {}}
root - ERROR - Missing or empty bibtex_citation in metadata: {'paper_name': 'Vorlesungsskript 2', 'page_num': 23, 'full_path': './papers/Vorlesungsskript 2.pdf', 'bibtex_citation': {}}
root - WARNING - No BibTeX citation found for Quantenmechanische Betrachtung der metallischen Leitung
root - WARNING - No BibTeX citation found for Quantenmechanische Betrachtung der metallischen Leitung
root - WARNING - No BibTeX citation found for Quantenmechanische Betrachtung der metallischen Leitung
root - WARNING - No BibTeX citation found for Quantenmechanische Betrachtung der metallischen Leitung
root - WARNING - No BibTeX citation found for Quantenmechanische Betrachtung der metallischen Leitung
root - WARNING - No BibTeX citation found for Quantenmechanische Betrachtung der metallischen Leitung
root - WARNING - No BibTeX citation found for Quantenmechanische Betrachtung der metallischen Leitung
root - WARNING - No BibTeX citation found for Quantenmechanische Betrachtung der metallischen Leitung
root - WARNING - No BibTeX citation found for Quantenmechanische Betrachtung der metallischen Leitung
root - WARNING - No BibTeX citation found for Quantenmechanische Betrachtung der metallischen Leitung
root - WARNING - No BibTeX citation found for Quantenmechanische Betrachtung der metallischen Leitung
root - WARNING - No BibTeX citation found for Quantenmechanische Betrachtung der metallischen Leitung
root - WARNING - No BibTeX citation found for Quantenmechanische Betrachtung der metallischen Leitung
root - WARNING - No BibTeX citation found for Quantenmechanische Betrachtung der metallischen Leitung
root - WARNING - No BibTeX citation found for Quantenmechanische Betrachtung der metallischen Leitung
root - WARNING - No BibTeX citation found for Quantenmechanische Betrachtung der metallischen Leitung
root - WARNING - No BibTeX citation found for Quantenmechanische Betrachtung der metallischen Leitung
root - WARNING - No BibTeX citation found for Quantenmechanische Betrachtung der metallischen Leitung
root - WARNING - No BibTeX citation found for Quantenmechanische Betrachtung der metallischen Leitung
root - WARNING - No BibTeX citation found for Quantenmechanische Betrachtung der metallischen Leitung
root - WARNING - No BibTeX citation found for Quantenmechanische Betrachtung der metallischen Leitung
root - WARNING - No BibTeX citation found for Quantenmechanische Betrachtung der metallischen Leitung
root - WARNING - No BibTeX citation found for Quantenmechanische Betrachtung der metallischen Leitung
root - WARNING - No BibTeX citation found for Quantenmechanische Betrachtung der metallischen Leitung
root - WARNING - No BibTeX citation found for Quantenmechanische Betrachtung der metallischen Leitung
root - WARNING - No BibTeX citation found for Quantenmechanische Betrachtung der metallischen Leitung
root - WARNING - No BibTeX citation found for Quantenmechanische Betrachtung der metallischen Leitung
root - WARNING - No BibTeX citation found for Quantenmechanische Betrachtung der metallischen Leitung
root - WARNING - No BibTeX citation found for Quantenmechanische Betrachtung der metallischen Leitung
root - WARNING - No BibTeX citation found for Quantenmechanische Betrachtung der metallischen Leitung
root - WARNING - No BibTeX citation found for Quantenmechanische Betrachtung der metallischen Leitung
root - WARNING - No BibTeX citation found for Quantenmechanische Betrachtung der metallischen Leitung
root - WARNING - No BibTeX citation found for Quantenmechanische Betrachtung der metallischen Leitung
root - WARNING - No BibTeX citation found for Quantenmechanische Betrachtung der metallischen Leitung
root - WARNING - No BibTeX citation found for Quantenmechanische Betrachtung der metallischen Leitung
root - WARNING - No BibTeX citation found for Quantenmechanische Betrachtung der metallischen Leitung
root - WARNING - No BibTeX citation found for Quantenmechanische Betrachtung der metallischen Leitung
root - WARNING - No BibTeX citation found for Quantenmechanische Betrachtung der metallischen Leitung
root - WARNING - No BibTeX citation found for Quantenmechanische Betrachtung der metallischen Leitung
root - ERROR - Missing or empty bibtex_citation in metadata: {'paper_name': 'Quantenmechanische Betrachtung der metallischen Leitung', 'page_num': 1, 'full_path': './papers/Quantenmechanische Betrachtung der metallischen Leitung.pdf', 'bibtex_citation': {}}
root - ERROR - Missing or empty bibtex_citation in metadata: {'paper_name': 'Quantenmechanische Betrachtung der metallischen Leitung', 'page_num': 2, 'full_path': './papers/Quantenmechanische Betrachtung der metallischen Leitung.pdf', 'bibtex_citation': {}}
root - ERROR - Missing or empty bibtex_citation in metadata: {'paper_name': 'Quantenmechanische Betrachtung der metallischen Leitung', 'page_num': 3, 'full_path': './papers/Quantenmechanische Betrachtung der metallischen Leitung.pdf', 'bibtex_citation': {}}
root - ERROR - Missing or empty bibtex_citation in metadata: {'paper_name': 'Quantenmechanische Betrachtung der metallischen Leitung', 'page_num': 4, 'full_path': './papers/Quantenmechanische Betrachtung der metallischen Leitung.pdf', 'bibtex_citation': {}}
root - ERROR - Missing or empty bibtex_citation in metadata: {'paper_name': 'Quantenmechanische Betrachtung der metallischen Leitung', 'page_num': 5, 'full_path': './papers/Quantenmechanische Betrachtung der metallischen Leitung.pdf', 'bibtex_citation': {}}
root - ERROR - Missing or empty bibtex_citation in metadata: {'paper_name': 'Quantenmechanische Betrachtung der metallischen Leitung', 'page_num': 6, 'full_path': './papers/Quantenmechanische Betrachtung der metallischen Leitung.pdf', 'bibtex_citation': {}}
root - ERROR - Missing or empty bibtex_citation in metadata: {'paper_name': 'Quantenmechanische Betrachtung der metallischen Leitung', 'page_num': 7, 'full_path': './papers/Quantenmechanische Betrachtung der metallischen Leitung.pdf', 'bibtex_citation': {}}
root - ERROR - Missing or empty bibtex_citation in metadata: {'paper_name': 'Quantenmechanische Betrachtung der metallischen Leitung', 'page_num': 8, 'full_path': './papers/Quantenmechanische Betrachtung der metallischen Leitung.pdf', 'bibtex_citation': {}}
root - ERROR - Missing or empty bibtex_citation in metadata: {'paper_name': 'Quantenmechanische Betrachtung der metallischen Leitung', 'page_num': 9, 'full_path': './papers/Quantenmechanische Betrachtung der metallischen Leitung.pdf', 'bibtex_citation': {}}
root - ERROR - Missing or empty bibtex_citation in metadata: {'paper_name': 'Quantenmechanische Betrachtung der metallischen Leitung', 'page_num': 10, 'full_path': './papers/Quantenmechanische Betrachtung der metallischen Leitung.pdf', 'bibtex_citation': {}}
root - ERROR - Missing or empty bibtex_citation in metadata: {'paper_name': 'Quantenmechanische Betrachtung der metallischen Leitung', 'page_num': 11, 'full_path': './papers/Quantenmechanische Betrachtung der metallischen Leitung.pdf', 'bibtex_citation': {}}
root - ERROR - Missing or empty bibtex_citation in metadata: {'paper_name': 'Quantenmechanische Betrachtung der metallischen Leitung', 'page_num': 12, 'full_path': './papers/Quantenmechanische Betrachtung der metallischen Leitung.pdf', 'bibtex_citation': {}}
root - ERROR - Missing or empty bibtex_citation in metadata: {'paper_name': 'Quantenmechanische Betrachtung der metallischen Leitung', 'page_num': 13, 'full_path': './papers/Quantenmechanische Betrachtung der metallischen Leitung.pdf', 'bibtex_citation': {}}
root - ERROR - Missing or empty bibtex_citation in metadata: {'paper_name': 'Quantenmechanische Betrachtung der metallischen Leitung', 'page_num': 14, 'full_path': './papers/Quantenmechanische Betrachtung der metallischen Leitung.pdf', 'bibtex_citation': {}}
root - ERROR - Missing or empty bibtex_citation in metadata: {'paper_name': 'Quantenmechanische Betrachtung der metallischen Leitung', 'page_num': 15, 'full_path': './papers/Quantenmechanische Betrachtung der metallischen Leitung.pdf', 'bibtex_citation': {}}
root - ERROR - Missing or empty bibtex_citation in metadata: {'paper_name': 'Quantenmechanische Betrachtung der metallischen Leitung', 'page_num': 16, 'full_path': './papers/Quantenmechanische Betrachtung der metallischen Leitung.pdf', 'bibtex_citation': {}}
root - ERROR - Missing or empty bibtex_citation in metadata: {'paper_name': 'Quantenmechanische Betrachtung der metallischen Leitung', 'page_num': 17, 'full_path': './papers/Quantenmechanische Betrachtung der metallischen Leitung.pdf', 'bibtex_citation': {}}
root - ERROR - Missing or empty bibtex_citation in metadata: {'paper_name': 'Quantenmechanische Betrachtung der metallischen Leitung', 'page_num': 18, 'full_path': './papers/Quantenmechanische Betrachtung der metallischen Leitung.pdf', 'bibtex_citation': {}}
root - ERROR - Missing or empty bibtex_citation in metadata: {'paper_name': 'Quantenmechanische Betrachtung der metallischen Leitung', 'page_num': 19, 'full_path': './papers/Quantenmechanische Betrachtung der metallischen Leitung.pdf', 'bibtex_citation': {}}
root - ERROR - Missing or empty bibtex_citation in metadata: {'paper_name': 'Quantenmechanische Betrachtung der metallischen Leitung', 'page_num': 20, 'full_path': './papers/Quantenmechanische Betrachtung der metallischen Leitung.pdf', 'bibtex_citation': {}}
root - ERROR - Missing or empty bibtex_citation in metadata: {'paper_name': 'Quantenmechanische Betrachtung der metallischen Leitung', 'page_num': 21, 'full_path': './papers/Quantenmechanische Betrachtung der metallischen Leitung.pdf', 'bibtex_citation': {}}
root - ERROR - Missing or empty bibtex_citation in metadata: {'paper_name': 'Quantenmechanische Betrachtung der metallischen Leitung', 'page_num': 22, 'full_path': './papers/Quantenmechanische Betrachtung der metallischen Leitung.pdf', 'bibtex_citation': {}}
root - ERROR - Missing or empty bibtex_citation in metadata: {'paper_name': 'Quantenmechanische Betrachtung der metallischen Leitung', 'page_num': 23, 'full_path': './papers/Quantenmechanische Betrachtung der metallischen Leitung.pdf', 'bibtex_citation': {}}
root - ERROR - Missing or empty bibtex_citation in metadata: {'paper_name': 'Quantenmechanische Betrachtung der metallischen Leitung', 'page_num': 24, 'full_path': './papers/Quantenmechanische Betrachtung der metallischen Leitung.pdf', 'bibtex_citation': {}}
root - ERROR - Missing or empty bibtex_citation in metadata: {'paper_name': 'Quantenmechanische Betrachtung der metallischen Leitung', 'page_num': 25, 'full_path': './papers/Quantenmechanische Betrachtung der metallischen Leitung.pdf', 'bibtex_citation': {}}
root - ERROR - Missing or empty bibtex_citation in metadata: {'paper_name': 'Quantenmechanische Betrachtung der metallischen Leitung', 'page_num': 26, 'full_path': './papers/Quantenmechanische Betrachtung der metallischen Leitung.pdf', 'bibtex_citation': {}}
root - ERROR - Missing or empty bibtex_citation in metadata: {'paper_name': 'Quantenmechanische Betrachtung der metallischen Leitung', 'page_num': 27, 'full_path': './papers/Quantenmechanische Betrachtung der metallischen Leitung.pdf', 'bibtex_citation': {}}
root - ERROR - Missing or empty bibtex_citation in metadata: {'paper_name': 'Quantenmechanische Betrachtung der metallischen Leitung', 'page_num': 28, 'full_path': './papers/Quantenmechanische Betrachtung der metallischen Leitung.pdf', 'bibtex_citation': {}}
root - ERROR - Missing or empty bibtex_citation in metadata: {'paper_name': 'Quantenmechanische Betrachtung der metallischen Leitung', 'page_num': 29, 'full_path': './papers/Quantenmechanische Betrachtung der metallischen Leitung.pdf', 'bibtex_citation': {}}
root - ERROR - Missing or empty bibtex_citation in metadata: {'paper_name': 'Quantenmechanische Betrachtung der metallischen Leitung', 'page_num': 30, 'full_path': './papers/Quantenmechanische Betrachtung der metallischen Leitung.pdf', 'bibtex_citation': {}}
root - ERROR - Missing or empty bibtex_citation in metadata: {'paper_name': 'Quantenmechanische Betrachtung der metallischen Leitung', 'page_num': 31, 'full_path': './papers/Quantenmechanische Betrachtung der metallischen Leitung.pdf', 'bibtex_citation': {}}
root - ERROR - Missing or empty bibtex_citation in metadata: {'paper_name': 'Quantenmechanische Betrachtung der metallischen Leitung', 'page_num': 32, 'full_path': './papers/Quantenmechanische Betrachtung der metallischen Leitung.pdf', 'bibtex_citation': {}}
root - ERROR - Missing or empty bibtex_citation in metadata: {'paper_name': 'Quantenmechanische Betrachtung der metallischen Leitung', 'page_num': 33, 'full_path': './papers/Quantenmechanische Betrachtung der metallischen Leitung.pdf', 'bibtex_citation': {}}
root - ERROR - Missing or empty bibtex_citation in metadata: {'paper_name': 'Quantenmechanische Betrachtung der metallischen Leitung', 'page_num': 34, 'full_path': './papers/Quantenmechanische Betrachtung der metallischen Leitung.pdf', 'bibtex_citation': {}}
root - ERROR - Missing or empty bibtex_citation in metadata: {'paper_name': 'Quantenmechanische Betrachtung der metallischen Leitung', 'page_num': 35, 'full_path': './papers/Quantenmechanische Betrachtung der metallischen Leitung.pdf', 'bibtex_citation': {}}
root - ERROR - Missing or empty bibtex_citation in metadata: {'paper_name': 'Quantenmechanische Betrachtung der metallischen Leitung', 'page_num': 36, 'full_path': './papers/Quantenmechanische Betrachtung der metallischen Leitung.pdf', 'bibtex_citation': {}}
root - ERROR - Missing or empty bibtex_citation in metadata: {'paper_name': 'Quantenmechanische Betrachtung der metallischen Leitung', 'page_num': 37, 'full_path': './papers/Quantenmechanische Betrachtung der metallischen Leitung.pdf', 'bibtex_citation': {}}
root - ERROR - Missing or empty bibtex_citation in metadata: {'paper_name': 'Quantenmechanische Betrachtung der metallischen Leitung', 'page_num': 38, 'full_path': './papers/Quantenmechanische Betrachtung der metallischen Leitung.pdf', 'bibtex_citation': {}}
root - ERROR - Missing or empty bibtex_citation in metadata: {'paper_name': 'Quantenmechanische Betrachtung der metallischen Leitung', 'page_num': 39, 'full_path': './papers/Quantenmechanische Betrachtung der metallischen Leitung.pdf', 'bibtex_citation': {}}
root - ERROR - Missing or empty bibtex_citation in metadata: {'paper_name': 'Quantenmechanische Betrachtung der metallischen Leitung', 'page_num': 40, 'full_path': './papers/Quantenmechanische Betrachtung der metallischen Leitung.pdf', 'bibtex_citation': {}}
root - ERROR - Missing or empty bibtex_citation in metadata: {'paper_name': 'Quantenmechanische Betrachtung der metallischen Leitung', 'page_num': 41, 'full_path': './papers/Quantenmechanische Betrachtung der metallischen Leitung.pdf', 'bibtex_citation': {}}
root - ERROR - Missing or empty bibtex_citation in metadata: {'paper_name': 'Quantenmechanische Betrachtung der metallischen Leitung', 'page_num': 42, 'full_path': './papers/Quantenmechanische Betrachtung der metallischen Leitung.pdf', 'bibtex_citation': {}}
root - ERROR - Missing or empty bibtex_citation in metadata: {'paper_name': 'Quantenmechanische Betrachtung der metallischen Leitung', 'page_num': 43, 'full_path': './papers/Quantenmechanische Betrachtung der metallischen Leitung.pdf', 'bibtex_citation': {}}
root - ERROR - Missing or empty bibtex_citation in metadata: {'paper_name': 'Quantenmechanische Betrachtung der metallischen Leitung', 'page_num': 44, 'full_path': './papers/Quantenmechanische Betrachtung der metallischen Leitung.pdf', 'bibtex_citation': {}}
root - ERROR - Missing or empty bibtex_citation in metadata: {'paper_name': 'Quantenmechanische Betrachtung der metallischen Leitung', 'page_num': 45, 'full_path': './papers/Quantenmechanische Betrachtung der metallischen Leitung.pdf', 'bibtex_citation': {}}
root - ERROR - Missing or empty bibtex_citation in metadata: {'paper_name': 'Quantenmechanische Betrachtung der metallischen Leitung', 'page_num': 46, 'full_path': './papers/Quantenmechanische Betrachtung der metallischen Leitung.pdf', 'bibtex_citation': {}}
root - ERROR - Missing or empty bibtex_citation in metadata: {'paper_name': 'Quantenmechanische Betrachtung der metallischen Leitung', 'page_num': 47, 'full_path': './papers/Quantenmechanische Betrachtung der metallischen Leitung.pdf', 'bibtex_citation': {}}
root - ERROR - Missing or empty bibtex_citation in metadata: {'paper_name': 'Quantenmechanische Betrachtung der metallischen Leitung', 'page_num': 48, 'full_path': './papers/Quantenmechanische Betrachtung der metallischen Leitung.pdf', 'bibtex_citation': {}}
root - ERROR - Missing or empty bibtex_citation in metadata: {'paper_name': 'Quantenmechanische Betrachtung der metallischen Leitung', 'page_num': 49, 'full_path': './papers/Quantenmechanische Betrachtung der metallischen Leitung.pdf', 'bibtex_citation': {}}
root - ERROR - Missing or empty bibtex_citation in metadata: {'paper_name': 'Quantenmechanische Betrachtung der metallischen Leitung', 'page_num': 50, 'full_path': './papers/Quantenmechanische Betrachtung der metallischen Leitung.pdf', 'bibtex_citation': {}}
root - ERROR - Missing or empty bibtex_citation in metadata: {'paper_name': 'Quantenmechanische Betrachtung der metallischen Leitung', 'page_num': 51, 'full_path': './papers/Quantenmechanische Betrachtung der metallischen Leitung.pdf', 'bibtex_citation': {}}
root - ERROR - Missing or empty bibtex_citation in metadata: {'paper_name': 'Quantenmechanische Betrachtung der metallischen Leitung', 'page_num': 52, 'full_path': './papers/Quantenmechanische Betrachtung der metallischen Leitung.pdf', 'bibtex_citation': {}}
root - ERROR - Missing or empty bibtex_citation in metadata: {'paper_name': 'Quantenmechanische Betrachtung der metallischen Leitung', 'page_num': 53, 'full_path': './papers/Quantenmechanische Betrachtung der metallischen Leitung.pdf', 'bibtex_citation': {}}
root - ERROR - Missing or empty bibtex_citation in metadata: {'paper_name': 'Quantenmechanische Betrachtung der metallischen Leitung', 'page_num': 54, 'full_path': './papers/Quantenmechanische Betrachtung der metallischen Leitung.pdf', 'bibtex_citation': {}}
root - ERROR - Missing or empty bibtex_citation in metadata: {'paper_name': 'Quantenmechanische Betrachtung der metallischen Leitung', 'page_num': 55, 'full_path': './papers/Quantenmechanische Betrachtung der metallischen Leitung.pdf', 'bibtex_citation': {}}
root - ERROR - Missing or empty bibtex_citation in metadata: {'paper_name': 'Quantenmechanische Betrachtung der metallischen Leitung', 'page_num': 56, 'full_path': './papers/Quantenmechanische Betrachtung der metallischen Leitung.pdf', 'bibtex_citation': {}}
root - ERROR - Missing or empty bibtex_citation in metadata: {'paper_name': 'Quantenmechanische Betrachtung der metallischen Leitung', 'page_num': 57, 'full_path': './papers/Quantenmechanische Betrachtung der metallischen Leitung.pdf', 'bibtex_citation': {}}
root - ERROR - Missing or empty bibtex_citation in metadata: {'paper_name': 'Quantenmechanische Betrachtung der metallischen Leitung', 'page_num': 58, 'full_path': './papers/Quantenmechanische Betrachtung der metallischen Leitung.pdf', 'bibtex_citation': {}}
root - ERROR - Missing or empty bibtex_citation in metadata: {'paper_name': 'Quantenmechanische Betrachtung der metallischen Leitung', 'page_num': 59, 'full_path': './papers/Quantenmechanische Betrachtung der metallischen Leitung.pdf', 'bibtex_citation': {}}
root - ERROR - Missing or empty bibtex_citation in metadata: {'paper_name': 'Quantenmechanische Betrachtung der metallischen Leitung', 'page_num': 60, 'full_path': './papers/Quantenmechanische Betrachtung der metallischen Leitung.pdf', 'bibtex_citation': {}}
root - ERROR - Missing or empty bibtex_citation in metadata: {'paper_name': 'Quantenmechanische Betrachtung der metallischen Leitung', 'page_num': 61, 'full_path': './papers/Quantenmechanische Betrachtung der metallischen Leitung.pdf', 'bibtex_citation': {}}
root - WARNING - No BibTeX citation found for quantum_explenation
root - WARNING - No BibTeX citation found for veritasium_partII
root - WARNING - No BibTeX citation found for blue_divergenz
root - WARNING - No BibTeX citation found for tex
root - WARNING - No BibTeX citation found for Einfluss Materie
root - WARNING - No BibTeX citation found for quantum_explenation
root - WARNING - No BibTeX citation found for veritasium_partII
root - WARNING - No BibTeX citation found for Vorlesungsskript 1
root - WARNING - No BibTeX citation found for blue_divergenz
root - WARNING - No BibTeX citation found for Einfluss Materie
root - WARNING - No BibTeX citation found for quantum_explenation
root - ERROR - Missing or empty bibtex_citation in metadata: {'paper_name': 'quantum_explenation', 'page_num': 1, 'full_path': './papers/quantum_explenation.pdf', 'bibtex_citation': {}}
root - ERROR - Missing or empty bibtex_citation in metadata: {'paper_name': 'quantum_explenation', 'page_num': 2, 'full_path': './papers/quantum_explenation.pdf', 'bibtex_citation': {}}
root - ERROR - Missing or empty bibtex_citation in metadata: {'paper_name': 'quantum_explenation', 'page_num': 3, 'full_path': './papers/quantum_explenation.pdf', 'bibtex_citation': {}}
root - WARNING - No BibTeX citation found for Skript
root - WARNING - No BibTeX citation found for Skript
root - WARNING - No BibTeX citation found for veritasium_partII
root - WARNING - No BibTeX citation found for Skript
root - WARNING - No BibTeX citation found for Skript
root - WARNING - No BibTeX citation found for tex
root - WARNING - No BibTeX citation found for blue_divergenz
root - WARNING - No BibTeX citation found for Einfluss Materie
root - WARNING - No BibTeX citation found for Skript
root - WARNING - No BibTeX citation found for Vorlesungsskript 1
root - WARNING - No BibTeX citation found for Vorlesungsskript 1
root - WARNING - No BibTeX citation found for Vorlesungsskript 1
root - WARNING - No BibTeX citation found for Vorlesungsskript 1
root - WARNING - No BibTeX citation found for veritasium_partII
root - WARNING - No BibTeX citation found for Einfluss Materie
root - WARNING - No BibTeX citation found for tex
root - WARNING - No BibTeX citation found for blue_divergenz
root - WARNING - No BibTeX citation found for blue_divergenz
root - ERROR - Missing or empty bibtex_citation in metadata: {'paper_name': 'blue_divergenz', 'page_num': 1, 'full_path': './papers/blue_divergenz.pdf', 'bibtex_citation': {}}
root - ERROR - Missing or empty bibtex_citation in metadata: {'paper_name': 'blue_divergenz', 'page_num': 2, 'full_path': './papers/blue_divergenz.pdf', 'bibtex_citation': {}}
root - ERROR - Missing or empty bibtex_citation in metadata: {'paper_name': 'blue_divergenz', 'page_num': 3, 'full_path': './papers/blue_divergenz.pdf', 'bibtex_citation': {}}
root - ERROR - Missing or empty bibtex_citation in metadata: {'paper_name': 'blue_divergenz', 'page_num': 4, 'full_path': './papers/blue_divergenz.pdf', 'bibtex_citation': {}}
root - ERROR - Missing or empty bibtex_citation in metadata: {'paper_name': 'blue_divergenz', 'page_num': 5, 'full_path': './papers/blue_divergenz.pdf', 'bibtex_citation': {}}
root - WARNING - No BibTeX citation found for Einfluss Materie
root - WARNING - No BibTeX citation found for veritasium_partII
root - WARNING - No BibTeX citation found for Skript
root - WARNING - No BibTeX citation found for Skript
root - WARNING - No BibTeX citation found for veritasium_partII
root - WARNING - No BibTeX citation found for tex
root - ERROR - Missing or empty bibtex_citation in metadata: {'paper_name': 'tex', 'page_num': 1, 'full_path': './papers/tex.pdf', 'bibtex_citation': {}}
root - ERROR - Missing or empty bibtex_citation in metadata: {'paper_name': 'tex', 'page_num': 2, 'full_path': './papers/tex.pdf', 'bibtex_citation': {}}
root - ERROR - Missing or empty bibtex_citation in metadata: {'paper_name': 'tex', 'page_num': 3, 'full_path': './papers/tex.pdf', 'bibtex_citation': {}}
root - ERROR - Missing or empty bibtex_citation in metadata: {'paper_name': 'tex', 'page_num': 4, 'full_path': './papers/tex.pdf', 'bibtex_citation': {}}
root - WARNING - No BibTeX citation found for veritasium_partII
root - ERROR - Missing or empty bibtex_citation in metadata: {'paper_name': 'veritasium_partII', 'page_num': 1, 'full_path': './papers/veritasium_partII.pdf', 'bibtex_citation': {}}
root - ERROR - Missing or empty bibtex_citation in metadata: {'paper_name': 'veritasium_partII', 'page_num': 2, 'full_path': './papers/veritasium_partII.pdf', 'bibtex_citation': {}}
root - ERROR - Missing or empty bibtex_citation in metadata: {'paper_name': 'veritasium_partII', 'page_num': 3, 'full_path': './papers/veritasium_partII.pdf', 'bibtex_citation': {}}
root - ERROR - Missing or empty bibtex_citation in metadata: {'paper_name': 'veritasium_partII', 'page_num': 4, 'full_path': './papers/veritasium_partII.pdf', 'bibtex_citation': {}}
root - ERROR - Missing or empty bibtex_citation in metadata: {'paper_name': 'veritasium_partII', 'page_num': 5, 'full_path': './papers/veritasium_partII.pdf', 'bibtex_citation': {}}
root - ERROR - Missing or empty bibtex_citation in metadata: {'paper_name': 'veritasium_partII', 'page_num': 6, 'full_path': './papers/veritasium_partII.pdf', 'bibtex_citation': {}}
root - ERROR - Missing or empty bibtex_citation in metadata: {'paper_name': 'veritasium_partII', 'page_num': 7, 'full_path': './papers/veritasium_partII.pdf', 'bibtex_citation': {}}
root - WARNING - No BibTeX citation found for Einfluss Materie
root - WARNING - No BibTeX citation found for Skript
root - WARNING - No BibTeX citation found for Vorlesungsskript 1
root - WARNING - No BibTeX citation found for Einfluss Materie
root - WARNING - No BibTeX citation found for Skript
root - WARNING - No BibTeX citation found for Vorlesungsskript 1
root - WARNING - No BibTeX citation found for Vorlesungsskript 1
root - WARNING - No BibTeX citation found for Vorlesungsskript 1
root - WARNING - No BibTeX citation found for Vorlesungsskript 1
root - WARNING - No BibTeX citation found for Vorlesungsskript 1
root - WARNING - No BibTeX citation found for Vorlesungsskript 1
root - ERROR - Missing or empty bibtex_citation in metadata: {'paper_name': 'Vorlesungsskript 1', 'page_num': 1, 'full_path': './papers/Vorlesungsskript 1.pdf', 'bibtex_citation': {}}
root - ERROR - Missing or empty bibtex_citation in metadata: {'paper_name': 'Vorlesungsskript 1', 'page_num': 2, 'full_path': './papers/Vorlesungsskript 1.pdf', 'bibtex_citation': {}}
root - ERROR - Missing or empty bibtex_citation in metadata: {'paper_name': 'Vorlesungsskript 1', 'page_num': 3, 'full_path': './papers/Vorlesungsskript 1.pdf', 'bibtex_citation': {}}
root - ERROR - Missing or empty bibtex_citation in metadata: {'paper_name': 'Vorlesungsskript 1', 'page_num': 4, 'full_path': './papers/Vorlesungsskript 1.pdf', 'bibtex_citation': {}}
root - ERROR - Missing or empty bibtex_citation in metadata: {'paper_name': 'Vorlesungsskript 1', 'page_num': 5, 'full_path': './papers/Vorlesungsskript 1.pdf', 'bibtex_citation': {}}
root - ERROR - Missing or empty bibtex_citation in metadata: {'paper_name': 'Vorlesungsskript 1', 'page_num': 6, 'full_path': './papers/Vorlesungsskript 1.pdf', 'bibtex_citation': {}}
root - ERROR - Missing or empty bibtex_citation in metadata: {'paper_name': 'Vorlesungsskript 1', 'page_num': 7, 'full_path': './papers/Vorlesungsskript 1.pdf', 'bibtex_citation': {}}
root - ERROR - Missing or empty bibtex_citation in metadata: {'paper_name': 'Vorlesungsskript 1', 'page_num': 8, 'full_path': './papers/Vorlesungsskript 1.pdf', 'bibtex_citation': {}}
root - ERROR - Missing or empty bibtex_citation in metadata: {'paper_name': 'Vorlesungsskript 1', 'page_num': 9, 'full_path': './papers/Vorlesungsskript 1.pdf', 'bibtex_citation': {}}
root - ERROR - Missing or empty bibtex_citation in metadata: {'paper_name': 'Vorlesungsskript 1', 'page_num': 10, 'full_path': './papers/Vorlesungsskript 1.pdf', 'bibtex_citation': {}}
root - ERROR - Missing or empty bibtex_citation in metadata: {'paper_name': 'Vorlesungsskript 1', 'page_num': 11, 'full_path': './papers/Vorlesungsskript 1.pdf', 'bibtex_citation': {}}
root - ERROR - Missing or empty bibtex_citation in metadata: {'paper_name': 'Vorlesungsskript 1', 'page_num': 12, 'full_path': './papers/Vorlesungsskript 1.pdf', 'bibtex_citation': {}}
root - ERROR - Missing or empty bibtex_citation in metadata: {'paper_name': 'Vorlesungsskript 1', 'page_num': 13, 'full_path': './papers/Vorlesungsskript 1.pdf', 'bibtex_citation': {}}
root - ERROR - Missing or empty bibtex_citation in metadata: {'paper_name': 'Vorlesungsskript 1', 'page_num': 14, 'full_path': './papers/Vorlesungsskript 1.pdf', 'bibtex_citation': {}}
root - ERROR - Missing or empty bibtex_citation in metadata: {'paper_name': 'Vorlesungsskript 1', 'page_num': 15, 'full_path': './papers/Vorlesungsskript 1.pdf', 'bibtex_citation': {}}
root - ERROR - Missing or empty bibtex_citation in metadata: {'paper_name': 'Vorlesungsskript 1', 'page_num': 16, 'full_path': './papers/Vorlesungsskript 1.pdf', 'bibtex_citation': {}}
root - ERROR - Missing or empty bibtex_citation in metadata: {'paper_name': 'Vorlesungsskript 1', 'page_num': 17, 'full_path': './papers/Vorlesungsskript 1.pdf', 'bibtex_citation': {}}
root - ERROR - Missing or empty bibtex_citation in metadata: {'paper_name': 'Vorlesungsskript 1', 'page_num': 18, 'full_path': './papers/Vorlesungsskript 1.pdf', 'bibtex_citation': {}}
root - WARNING - No BibTeX citation found for Skript
root - WARNING - No BibTeX citation found for Skript
root - WARNING - No BibTeX citation found for Skript
root - WARNING - No BibTeX citation found for Einfluss Materie
root - WARNING - No BibTeX citation found for Skript
root - WARNING - No BibTeX citation found for Einfluss Materie
root - WARNING - No BibTeX citation found for Einfluss Materie
root - WARNING - No BibTeX citation found for Skript
root - WARNING - No BibTeX citation found for Einfluss Materie
root - WARNING - No BibTeX citation found for Skript
root - WARNING - No BibTeX citation found for Einfluss Materie
root - WARNING - No BibTeX citation found for Skript
root - WARNING - No BibTeX citation found for Skript
root - WARNING - No BibTeX citation found for Einfluss Materie
root - WARNING - No BibTeX citation found for Skript
root - WARNING - No BibTeX citation found for Einfluss Materie
root - WARNING - No BibTeX citation found for Skript
root - WARNING - No BibTeX citation found for Einfluss Materie
root - WARNING - No BibTeX citation found for Einfluss Materie
root - WARNING - No BibTeX citation found for Skript
root - WARNING - No BibTeX citation found for Einfluss Materie
root - WARNING - No BibTeX citation found for Skript
root - WARNING - No BibTeX citation found for Einfluss Materie
root - WARNING - No BibTeX citation found for Einfluss Materie
root - WARNING - No BibTeX citation found for Skript
root - WARNING - No BibTeX citation found for Einfluss Materie
root - WARNING - No BibTeX citation found for Einfluss Materie
root - ERROR - Missing or empty bibtex_citation in metadata: {'paper_name': 'Einfluss Materie', 'page_num': 1, 'full_path': './papers/Einfluss Materie.pdf', 'bibtex_citation': {}}
root - ERROR - Missing or empty bibtex_citation in metadata: {'paper_name': 'Einfluss Materie', 'page_num': 2, 'full_path': './papers/Einfluss Materie.pdf', 'bibtex_citation': {}}
root - ERROR - Missing or empty bibtex_citation in metadata: {'paper_name': 'Einfluss Materie', 'page_num': 3, 'full_path': './papers/Einfluss Materie.pdf', 'bibtex_citation': {}}
root - ERROR - Missing or empty bibtex_citation in metadata: {'paper_name': 'Einfluss Materie', 'page_num': 4, 'full_path': './papers/Einfluss Materie.pdf', 'bibtex_citation': {}}
root - ERROR - Missing or empty bibtex_citation in metadata: {'paper_name': 'Einfluss Materie', 'page_num': 5, 'full_path': './papers/Einfluss Materie.pdf', 'bibtex_citation': {}}
root - ERROR - Missing or empty bibtex_citation in metadata: {'paper_name': 'Einfluss Materie', 'page_num': 6, 'full_path': './papers/Einfluss Materie.pdf', 'bibtex_citation': {}}
root - ERROR - Missing or empty bibtex_citation in metadata: {'paper_name': 'Einfluss Materie', 'page_num': 7, 'full_path': './papers/Einfluss Materie.pdf', 'bibtex_citation': {}}
root - ERROR - Missing or empty bibtex_citation in metadata: {'paper_name': 'Einfluss Materie', 'page_num': 8, 'full_path': './papers/Einfluss Materie.pdf', 'bibtex_citation': {}}
root - ERROR - Missing or empty bibtex_citation in metadata: {'paper_name': 'Einfluss Materie', 'page_num': 9, 'full_path': './papers/Einfluss Materie.pdf', 'bibtex_citation': {}}
root - ERROR - Missing or empty bibtex_citation in metadata: {'paper_name': 'Einfluss Materie', 'page_num': 10, 'full_path': './papers/Einfluss Materie.pdf', 'bibtex_citation': {}}
root - ERROR - Missing or empty bibtex_citation in metadata: {'paper_name': 'Einfluss Materie', 'page_num': 11, 'full_path': './papers/Einfluss Materie.pdf', 'bibtex_citation': {}}
root - ERROR - Missing or empty bibtex_citation in metadata: {'paper_name': 'Einfluss Materie', 'page_num': 12, 'full_path': './papers/Einfluss Materie.pdf', 'bibtex_citation': {}}
root - ERROR - Missing or empty bibtex_citation in metadata: {'paper_name': 'Einfluss Materie', 'page_num': 13, 'full_path': './papers/Einfluss Materie.pdf', 'bibtex_citation': {}}
root - ERROR - Missing or empty bibtex_citation in metadata: {'paper_name': 'Einfluss Materie', 'page_num': 14, 'full_path': './papers/Einfluss Materie.pdf', 'bibtex_citation': {}}
root - ERROR - Missing or empty bibtex_citation in metadata: {'paper_name': 'Einfluss Materie', 'page_num': 15, 'full_path': './papers/Einfluss Materie.pdf', 'bibtex_citation': {}}
root - ERROR - Missing or empty bibtex_citation in metadata: {'paper_name': 'Einfluss Materie', 'page_num': 16, 'full_path': './papers/Einfluss Materie.pdf', 'bibtex_citation': {}}
root - ERROR - Missing or empty bibtex_citation in metadata: {'paper_name': 'Einfluss Materie', 'page_num': 17, 'full_path': './papers/Einfluss Materie.pdf', 'bibtex_citation': {}}
root - ERROR - Missing or empty bibtex_citation in metadata: {'paper_name': 'Einfluss Materie', 'page_num': 18, 'full_path': './papers/Einfluss Materie.pdf', 'bibtex_citation': {}}
root - ERROR - Missing or empty bibtex_citation in metadata: {'paper_name': 'Einfluss Materie', 'page_num': 19, 'full_path': './papers/Einfluss Materie.pdf', 'bibtex_citation': {}}
root - ERROR - Missing or empty bibtex_citation in metadata: {'paper_name': 'Einfluss Materie', 'page_num': 20, 'full_path': './papers/Einfluss Materie.pdf', 'bibtex_citation': {}}
root - ERROR - Missing or empty bibtex_citation in metadata: {'paper_name': 'Einfluss Materie', 'page_num': 21, 'full_path': './papers/Einfluss Materie.pdf', 'bibtex_citation': {}}
root - WARNING - No BibTeX citation found for Skript
root - WARNING - No BibTeX citation found for Skript
root - WARNING - No BibTeX citation found for Skript
root - WARNING - No BibTeX citation found for Skript
root - WARNING - No BibTeX citation found for Skript
root - WARNING - No BibTeX citation found for Skript
root - WARNING - No BibTeX citation found for Skript
root - WARNING - No BibTeX citation found for Skript
root - WARNING - No BibTeX citation found for Skript
root - WARNING - No BibTeX citation found for Skript
root - WARNING - No BibTeX citation found for Skript
root - WARNING - No BibTeX citation found for Skript
root - WARNING - No BibTeX citation found for Skript
root - WARNING - No BibTeX citation found for Skript
root - WARNING - No BibTeX citation found for Skript
root - WARNING - No BibTeX citation found for Skript
root - WARNING - No BibTeX citation found for Skript
root - WARNING - No BibTeX citation found for Skript
root - WARNING - No BibTeX citation found for Skript
root - WARNING - No BibTeX citation found for Skript
root - WARNING - No BibTeX citation found for Skript
root - WARNING - No BibTeX citation found for Skript
root - WARNING - No BibTeX citation found for Skript
root - WARNING - No BibTeX citation found for Skript
root - WARNING - No BibTeX citation found for Skript
root - WARNING - No BibTeX citation found for Skript
root - WARNING - No BibTeX citation found for Skript
root - WARNING - No BibTeX citation found for Skript
root - WARNING - No BibTeX citation found for Skript
root - WARNING - No BibTeX citation found for Skript
root - WARNING - No BibTeX citation found for Skript
root - WARNING - No BibTeX citation found for Skript
root - WARNING - No BibTeX citation found for Skript
root - WARNING - No BibTeX citation found for Skript
root - WARNING - No BibTeX citation found for Skript
root - WARNING - No BibTeX citation found for Skript
root - WARNING - No BibTeX citation found for Skript
root - WARNING - No BibTeX citation found for Skript
root - WARNING - No BibTeX citation found for Skript
root - WARNING - No BibTeX citation found for Skript
root - WARNING - No BibTeX citation found for Skript
root - WARNING - No BibTeX citation found for Skript
root - WARNING - No BibTeX citation found for Skript
root - WARNING - No BibTeX citation found for Skript
root - WARNING - No BibTeX citation found for Skript
root - WARNING - No BibTeX citation found for Skript
root - WARNING - No BibTeX citation found for Skript
root - WARNING - No BibTeX citation found for Skript
root - WARNING - No BibTeX citation found for Skript
root - WARNING - No BibTeX citation found for Skript
root - WARNING - No BibTeX citation found for Skript
root - WARNING - No BibTeX citation found for Skript
root - WARNING - No BibTeX citation found for Skript
root - WARNING - No BibTeX citation found for Skript
root - WARNING - No BibTeX citation found for Skript
root - WARNING - No BibTeX citation found for Skript
root - WARNING - No BibTeX citation found for Skript
root - WARNING - No BibTeX citation found for Skript
root - WARNING - No BibTeX citation found for Skript
root - WARNING - No BibTeX citation found for Skript
root - WARNING - No BibTeX citation found for Skript
root - WARNING - No BibTeX citation found for Skript
root - WARNING - No BibTeX citation found for Skript
root - WARNING - No BibTeX citation found for Skript
root - WARNING - No BibTeX citation found for Skript
root - WARNING - No BibTeX citation found for Skript
root - WARNING - No BibTeX citation found for Skript
root - WARNING - No BibTeX citation found for Skript
root - WARNING - No BibTeX citation found for Skript
root - WARNING - No BibTeX citation found for Skript
root - WARNING - No BibTeX citation found for Skript
root - WARNING - No BibTeX citation found for Skript
root - WARNING - No BibTeX citation found for Skript
root - WARNING - No BibTeX citation found for Skript
root - WARNING - No BibTeX citation found for Skript
root - WARNING - No BibTeX citation found for Skript
root - WARNING - No BibTeX citation found for Skript
root - WARNING - No BibTeX citation found for Skript
root - WARNING - No BibTeX citation found for Skript
root - WARNING - No BibTeX citation found for Skript
root - WARNING - No BibTeX citation found for Skript
root - WARNING - No BibTeX citation found for Skript
root - WARNING - No BibTeX citation found for Skript
root - WARNING - No BibTeX citation found for Skript
root - WARNING - No BibTeX citation found for Skript
root - WARNING - No BibTeX citation found for Skript
root - WARNING - No BibTeX citation found for Skript
root - WARNING - No BibTeX citation found for Skript
root - WARNING - No BibTeX citation found for Skript
root - WARNING - No BibTeX citation found for Skript
root - WARNING - No BibTeX citation found for Skript
root - WARNING - No BibTeX citation found for Skript
root - WARNING - No BibTeX citation found for Skript
root - WARNING - No BibTeX citation found for Skript
root - WARNING - No BibTeX citation found for Skript
root - WARNING - No BibTeX citation found for Skript
root - WARNING - No BibTeX citation found for Skript
root - WARNING - No BibTeX citation found for Skript
root - WARNING - No BibTeX citation found for Skript
root - WARNING - No BibTeX citation found for Skript
root - WARNING - No BibTeX citation found for Skript
root - WARNING - No BibTeX citation found for Skript
root - WARNING - No BibTeX citation found for Skript
root - WARNING - No BibTeX citation found for Skript
root - WARNING - No BibTeX citation found for Skript
root - WARNING - No BibTeX citation found for Skript
root - WARNING - No BibTeX citation found for Skript
root - WARNING - No BibTeX citation found for Skript
root - WARNING - No BibTeX citation found for Skript
root - WARNING - No BibTeX citation found for Skript
root - WARNING - No BibTeX citation found for Skript
root - WARNING - No BibTeX citation found for Skript
root - WARNING - No BibTeX citation found for Skript
root - WARNING - No BibTeX citation found for Skript
root - WARNING - No BibTeX citation found for Skript
root - WARNING - No BibTeX citation found for Skript
root - WARNING - No BibTeX citation found for Skript
root - WARNING - No BibTeX citation found for Skript
root - WARNING - No BibTeX citation found for Skript
root - WARNING - No BibTeX citation found for Skript
root - WARNING - No BibTeX citation found for Skript
root - WARNING - No BibTeX citation found for Skript
root - WARNING - No BibTeX citation found for Skript
root - WARNING - No BibTeX citation found for Skript
root - WARNING - No BibTeX citation found for Skript
root - WARNING - No BibTeX citation found for Skript
root - WARNING - No BibTeX citation found for Skript
root - WARNING - No BibTeX citation found for Skript
root - WARNING - No BibTeX citation found for Skript
root - WARNING - No BibTeX citation found for Skript
root - WARNING - No BibTeX citation found for Skript
root - WARNING - No BibTeX citation found for Skript
root - WARNING - No BibTeX citation found for Skript
root - WARNING - No BibTeX citation found for Skript
root - WARNING - No BibTeX citation found for Skript
root - WARNING - No BibTeX citation found for Skript
root - WARNING - No BibTeX citation found for Skript
root - WARNING - No BibTeX citation found for Skript
root - WARNING - No BibTeX citation found for Skript
root - WARNING - No BibTeX citation found for Skript
root - WARNING - No BibTeX citation found for Skript
root - WARNING - No BibTeX citation found for Skript
root - WARNING - No BibTeX citation found for Skript
root - WARNING - No BibTeX citation found for Skript
root - WARNING - No BibTeX citation found for Skript
root - WARNING - No BibTeX citation found for Skript
root - WARNING - No BibTeX citation found for Skript
root - WARNING - No BibTeX citation found for Skript
root - WARNING - No BibTeX citation found for Skript
root - WARNING - No BibTeX citation found for Skript
root - WARNING - No BibTeX citation found for Skript
root - WARNING - No BibTeX citation found for Skript
root - WARNING - No BibTeX citation found for Skript
root - WARNING - No BibTeX citation found for Skript
root - WARNING - No BibTeX citation found for Skript
root - WARNING - No BibTeX citation found for Skript
root - WARNING - No BibTeX citation found for Skript
root - WARNING - No BibTeX citation found for Skript
root - WARNING - No BibTeX citation found for Skript
root - WARNING - No BibTeX citation found for Skript
root - WARNING - No BibTeX citation found for Skript
root - WARNING - No BibTeX citation found for Skript
root - WARNING - No BibTeX citation found for Skript
root - WARNING - No BibTeX citation found for Skript
root - WARNING - No BibTeX citation found for Skript
root - WARNING - No BibTeX citation found for Skript
root - WARNING - No BibTeX citation found for Skript
root - WARNING - No BibTeX citation found for Skript
root - WARNING - No BibTeX citation found for Skript
root - WARNING - No BibTeX citation found for Skript
root - WARNING - No BibTeX citation found for Skript
root - WARNING - No BibTeX citation found for Skript
root - WARNING - No BibTeX citation found for Skript
root - WARNING - No BibTeX citation found for Skript
root - WARNING - No BibTeX citation found for Skript
root - WARNING - No BibTeX citation found for Skript
root - WARNING - No BibTeX citation found for Skript
root - WARNING - No BibTeX citation found for Skript
root - WARNING - No BibTeX citation found for Skript
root - WARNING - No BibTeX citation found for Skript
root - WARNING - No BibTeX citation found for Skript
root - WARNING - No BibTeX citation found for Skript
root - WARNING - No BibTeX citation found for Skript
root - WARNING - No BibTeX citation found for Skript
root - ERROR - Missing or empty bibtex_citation in metadata: {'paper_name': 'Skript', 'page_num': 1, 'full_path': './papers/Skript.pdf', 'bibtex_citation': {}}
root - ERROR - Missing or empty bibtex_citation in metadata: {'paper_name': 'Skript', 'page_num': 2, 'full_path': './papers/Skript.pdf', 'bibtex_citation': {}}
root - ERROR - Missing or empty bibtex_citation in metadata: {'paper_name': 'Skript', 'page_num': 3, 'full_path': './papers/Skript.pdf', 'bibtex_citation': {}}
root - ERROR - Missing or empty bibtex_citation in metadata: {'paper_name': 'Skript', 'page_num': 4, 'full_path': './papers/Skript.pdf', 'bibtex_citation': {}}
root - ERROR - Missing or empty bibtex_citation in metadata: {'paper_name': 'Skript', 'page_num': 5, 'full_path': './papers/Skript.pdf', 'bibtex_citation': {}}
root - ERROR - Missing or empty bibtex_citation in metadata: {'paper_name': 'Skript', 'page_num': 6, 'full_path': './papers/Skript.pdf', 'bibtex_citation': {}}
root - ERROR - Missing or empty bibtex_citation in metadata: {'paper_name': 'Skript', 'page_num': 7, 'full_path': './papers/Skript.pdf', 'bibtex_citation': {}}
root - ERROR - Missing or empty bibtex_citation in metadata: {'paper_name': 'Skript', 'page_num': 8, 'full_path': './papers/Skript.pdf', 'bibtex_citation': {}}
root - ERROR - Missing or empty bibtex_citation in metadata: {'paper_name': 'Skript', 'page_num': 9, 'full_path': './papers/Skript.pdf', 'bibtex_citation': {}}
root - ERROR - Missing or empty bibtex_citation in metadata: {'paper_name': 'Skript', 'page_num': 10, 'full_path': './papers/Skript.pdf', 'bibtex_citation': {}}
root - ERROR - Missing or empty bibtex_citation in metadata: {'paper_name': 'Skript', 'page_num': 11, 'full_path': './papers/Skript.pdf', 'bibtex_citation': {}}
root - ERROR - Missing or empty bibtex_citation in metadata: {'paper_name': 'Skript', 'page_num': 12, 'full_path': './papers/Skript.pdf', 'bibtex_citation': {}}
root - ERROR - Missing or empty bibtex_citation in metadata: {'paper_name': 'Skript', 'page_num': 13, 'full_path': './papers/Skript.pdf', 'bibtex_citation': {}}
root - ERROR - Missing or empty bibtex_citation in metadata: {'paper_name': 'Skript', 'page_num': 14, 'full_path': './papers/Skript.pdf', 'bibtex_citation': {}}
root - ERROR - Missing or empty bibtex_citation in metadata: {'paper_name': 'Skript', 'page_num': 15, 'full_path': './papers/Skript.pdf', 'bibtex_citation': {}}
root - ERROR - Missing or empty bibtex_citation in metadata: {'paper_name': 'Skript', 'page_num': 16, 'full_path': './papers/Skript.pdf', 'bibtex_citation': {}}
root - ERROR - Missing or empty bibtex_citation in metadata: {'paper_name': 'Skript', 'page_num': 17, 'full_path': './papers/Skript.pdf', 'bibtex_citation': {}}
root - ERROR - Missing or empty bibtex_citation in metadata: {'paper_name': 'Skript', 'page_num': 18, 'full_path': './papers/Skript.pdf', 'bibtex_citation': {}}
root - ERROR - Missing or empty bibtex_citation in metadata: {'paper_name': 'Skript', 'page_num': 19, 'full_path': './papers/Skript.pdf', 'bibtex_citation': {}}
root - ERROR - Missing or empty bibtex_citation in metadata: {'paper_name': 'Skript', 'page_num': 20, 'full_path': './papers/Skript.pdf', 'bibtex_citation': {}}
root - ERROR - Missing or empty bibtex_citation in metadata: {'paper_name': 'Skript', 'page_num': 21, 'full_path': './papers/Skript.pdf', 'bibtex_citation': {}}
root - ERROR - Missing or empty bibtex_citation in metadata: {'paper_name': 'Skript', 'page_num': 22, 'full_path': './papers/Skript.pdf', 'bibtex_citation': {}}
root - ERROR - Missing or empty bibtex_citation in metadata: {'paper_name': 'Skript', 'page_num': 23, 'full_path': './papers/Skript.pdf', 'bibtex_citation': {}}
root - ERROR - Missing or empty bibtex_citation in metadata: {'paper_name': 'Skript', 'page_num': 24, 'full_path': './papers/Skript.pdf', 'bibtex_citation': {}}
root - ERROR - Missing or empty bibtex_citation in metadata: {'paper_name': 'Skript', 'page_num': 25, 'full_path': './papers/Skript.pdf', 'bibtex_citation': {}}
root - ERROR - Missing or empty bibtex_citation in metadata: {'paper_name': 'Skript', 'page_num': 26, 'full_path': './papers/Skript.pdf', 'bibtex_citation': {}}
root - ERROR - Missing or empty bibtex_citation in metadata: {'paper_name': 'Skript', 'page_num': 27, 'full_path': './papers/Skript.pdf', 'bibtex_citation': {}}
root - ERROR - Missing or empty bibtex_citation in metadata: {'paper_name': 'Skript', 'page_num': 28, 'full_path': './papers/Skript.pdf', 'bibtex_citation': {}}
root - ERROR - Missing or empty bibtex_citation in metadata: {'paper_name': 'Skript', 'page_num': 29, 'full_path': './papers/Skript.pdf', 'bibtex_citation': {}}
root - ERROR - Missing or empty bibtex_citation in metadata: {'paper_name': 'Skript', 'page_num': 30, 'full_path': './papers/Skript.pdf', 'bibtex_citation': {}}
root - ERROR - Missing or empty bibtex_citation in metadata: {'paper_name': 'Skript', 'page_num': 31, 'full_path': './papers/Skript.pdf', 'bibtex_citation': {}}
root - ERROR - Missing or empty bibtex_citation in metadata: {'paper_name': 'Skript', 'page_num': 32, 'full_path': './papers/Skript.pdf', 'bibtex_citation': {}}
root - ERROR - Missing or empty bibtex_citation in metadata: {'paper_name': 'Skript', 'page_num': 33, 'full_path': './papers/Skript.pdf', 'bibtex_citation': {}}
root - ERROR - Missing or empty bibtex_citation in metadata: {'paper_name': 'Skript', 'page_num': 34, 'full_path': './papers/Skript.pdf', 'bibtex_citation': {}}
root - ERROR - Missing or empty bibtex_citation in metadata: {'paper_name': 'Skript', 'page_num': 35, 'full_path': './papers/Skript.pdf', 'bibtex_citation': {}}
root - ERROR - Missing or empty bibtex_citation in metadata: {'paper_name': 'Skript', 'page_num': 36, 'full_path': './papers/Skript.pdf', 'bibtex_citation': {}}
root - ERROR - Missing or empty bibtex_citation in metadata: {'paper_name': 'Skript', 'page_num': 37, 'full_path': './papers/Skript.pdf', 'bibtex_citation': {}}
root - ERROR - Missing or empty bibtex_citation in metadata: {'paper_name': 'Skript', 'page_num': 38, 'full_path': './papers/Skript.pdf', 'bibtex_citation': {}}
root - ERROR - Missing or empty bibtex_citation in metadata: {'paper_name': 'Skript', 'page_num': 39, 'full_path': './papers/Skript.pdf', 'bibtex_citation': {}}
root - ERROR - Missing or empty bibtex_citation in metadata: {'paper_name': 'Skript', 'page_num': 40, 'full_path': './papers/Skript.pdf', 'bibtex_citation': {}}
root - ERROR - Missing or empty bibtex_citation in metadata: {'paper_name': 'Skript', 'page_num': 41, 'full_path': './papers/Skript.pdf', 'bibtex_citation': {}}
root - ERROR - Missing or empty bibtex_citation in metadata: {'paper_name': 'Skript', 'page_num': 42, 'full_path': './papers/Skript.pdf', 'bibtex_citation': {}}
root - ERROR - Missing or empty bibtex_citation in metadata: {'paper_name': 'Skript', 'page_num': 43, 'full_path': './papers/Skript.pdf', 'bibtex_citation': {}}
root - ERROR - Missing or empty bibtex_citation in metadata: {'paper_name': 'Skript', 'page_num': 44, 'full_path': './papers/Skript.pdf', 'bibtex_citation': {}}
root - ERROR - Missing or empty bibtex_citation in metadata: {'paper_name': 'Skript', 'page_num': 45, 'full_path': './papers/Skript.pdf', 'bibtex_citation': {}}
root - ERROR - Missing or empty bibtex_citation in metadata: {'paper_name': 'Skript', 'page_num': 46, 'full_path': './papers/Skript.pdf', 'bibtex_citation': {}}
root - ERROR - Missing or empty bibtex_citation in metadata: {'paper_name': 'Skript', 'page_num': 47, 'full_path': './papers/Skript.pdf', 'bibtex_citation': {}}
root - ERROR - Missing or empty bibtex_citation in metadata: {'paper_name': 'Skript', 'page_num': 48, 'full_path': './papers/Skript.pdf', 'bibtex_citation': {}}
root - ERROR - Missing or empty bibtex_citation in metadata: {'paper_name': 'Skript', 'page_num': 49, 'full_path': './papers/Skript.pdf', 'bibtex_citation': {}}
root - ERROR - Missing or empty bibtex_citation in metadata: {'paper_name': 'Skript', 'page_num': 50, 'full_path': './papers/Skript.pdf', 'bibtex_citation': {}}
root - ERROR - Missing or empty bibtex_citation in metadata: {'paper_name': 'Skript', 'page_num': 51, 'full_path': './papers/Skript.pdf', 'bibtex_citation': {}}
root - ERROR - Missing or empty bibtex_citation in metadata: {'paper_name': 'Skript', 'page_num': 52, 'full_path': './papers/Skript.pdf', 'bibtex_citation': {}}
root - ERROR - Missing or empty bibtex_citation in metadata: {'paper_name': 'Skript', 'page_num': 53, 'full_path': './papers/Skript.pdf', 'bibtex_citation': {}}
root - ERROR - Missing or empty bibtex_citation in metadata: {'paper_name': 'Skript', 'page_num': 54, 'full_path': './papers/Skript.pdf', 'bibtex_citation': {}}
root - ERROR - Missing or empty bibtex_citation in metadata: {'paper_name': 'Skript', 'page_num': 55, 'full_path': './papers/Skript.pdf', 'bibtex_citation': {}}
root - ERROR - Missing or empty bibtex_citation in metadata: {'paper_name': 'Skript', 'page_num': 56, 'full_path': './papers/Skript.pdf', 'bibtex_citation': {}}
root - ERROR - Missing or empty bibtex_citation in metadata: {'paper_name': 'Skript', 'page_num': 57, 'full_path': './papers/Skript.pdf', 'bibtex_citation': {}}
root - ERROR - Missing or empty bibtex_citation in metadata: {'paper_name': 'Skript', 'page_num': 58, 'full_path': './papers/Skript.pdf', 'bibtex_citation': {}}
root - ERROR - Missing or empty bibtex_citation in metadata: {'paper_name': 'Skript', 'page_num': 59, 'full_path': './papers/Skript.pdf', 'bibtex_citation': {}}
root - ERROR - Missing or empty bibtex_citation in metadata: {'paper_name': 'Skript', 'page_num': 60, 'full_path': './papers/Skript.pdf', 'bibtex_citation': {}}
root - ERROR - Missing or empty bibtex_citation in metadata: {'paper_name': 'Skript', 'page_num': 61, 'full_path': './papers/Skript.pdf', 'bibtex_citation': {}}
root - ERROR - Missing or empty bibtex_citation in metadata: {'paper_name': 'Skript', 'page_num': 62, 'full_path': './papers/Skript.pdf', 'bibtex_citation': {}}
root - ERROR - Missing or empty bibtex_citation in metadata: {'paper_name': 'Skript', 'page_num': 63, 'full_path': './papers/Skript.pdf', 'bibtex_citation': {}}
root - ERROR - Missing or empty bibtex_citation in metadata: {'paper_name': 'Skript', 'page_num': 64, 'full_path': './papers/Skript.pdf', 'bibtex_citation': {}}
root - ERROR - Missing or empty bibtex_citation in metadata: {'paper_name': 'Skript', 'page_num': 65, 'full_path': './papers/Skript.pdf', 'bibtex_citation': {}}
root - ERROR - Missing or empty bibtex_citation in metadata: {'paper_name': 'Skript', 'page_num': 66, 'full_path': './papers/Skript.pdf', 'bibtex_citation': {}}
root - ERROR - Missing or empty bibtex_citation in metadata: {'paper_name': 'Skript', 'page_num': 67, 'full_path': './papers/Skript.pdf', 'bibtex_citation': {}}
root - ERROR - Missing or empty bibtex_citation in metadata: {'paper_name': 'Skript', 'page_num': 68, 'full_path': './papers/Skript.pdf', 'bibtex_citation': {}}
root - ERROR - Missing or empty bibtex_citation in metadata: {'paper_name': 'Skript', 'page_num': 69, 'full_path': './papers/Skript.pdf', 'bibtex_citation': {}}
root - ERROR - Missing or empty bibtex_citation in metadata: {'paper_name': 'Skript', 'page_num': 70, 'full_path': './papers/Skript.pdf', 'bibtex_citation': {}}
root - ERROR - Missing or empty bibtex_citation in metadata: {'paper_name': 'Skript', 'page_num': 71, 'full_path': './papers/Skript.pdf', 'bibtex_citation': {}}
root - ERROR - Missing or empty bibtex_citation in metadata: {'paper_name': 'Skript', 'page_num': 72, 'full_path': './papers/Skript.pdf', 'bibtex_citation': {}}
root - ERROR - Missing or empty bibtex_citation in metadata: {'paper_name': 'Skript', 'page_num': 73, 'full_path': './papers/Skript.pdf', 'bibtex_citation': {}}
root - ERROR - Missing or empty bibtex_citation in metadata: {'paper_name': 'Skript', 'page_num': 74, 'full_path': './papers/Skript.pdf', 'bibtex_citation': {}}
root - ERROR - Missing or empty bibtex_citation in metadata: {'paper_name': 'Skript', 'page_num': 75, 'full_path': './papers/Skript.pdf', 'bibtex_citation': {}}
root - ERROR - Missing or empty bibtex_citation in metadata: {'paper_name': 'Skript', 'page_num': 76, 'full_path': './papers/Skript.pdf', 'bibtex_citation': {}}
root - ERROR - Missing or empty bibtex_citation in metadata: {'paper_name': 'Skript', 'page_num': 77, 'full_path': './papers/Skript.pdf', 'bibtex_citation': {}}
root - ERROR - Missing or empty bibtex_citation in metadata: {'paper_name': 'Skript', 'page_num': 78, 'full_path': './papers/Skript.pdf', 'bibtex_citation': {}}
root - ERROR - Missing or empty bibtex_citation in metadata: {'paper_name': 'Skript', 'page_num': 79, 'full_path': './papers/Skript.pdf', 'bibtex_citation': {}}
root - ERROR - Missing or empty bibtex_citation in metadata: {'paper_name': 'Skript', 'page_num': 80, 'full_path': './papers/Skript.pdf', 'bibtex_citation': {}}
root - ERROR - Missing or empty bibtex_citation in metadata: {'paper_name': 'Skript', 'page_num': 81, 'full_path': './papers/Skript.pdf', 'bibtex_citation': {}}
root - ERROR - Missing or empty bibtex_citation in metadata: {'paper_name': 'Skript', 'page_num': 82, 'full_path': './papers/Skript.pdf', 'bibtex_citation': {}}
root - ERROR - Missing or empty bibtex_citation in metadata: {'paper_name': 'Skript', 'page_num': 83, 'full_path': './papers/Skript.pdf', 'bibtex_citation': {}}
root - ERROR - Missing or empty bibtex_citation in metadata: {'paper_name': 'Skript', 'page_num': 84, 'full_path': './papers/Skript.pdf', 'bibtex_citation': {}}
root - ERROR - Missing or empty bibtex_citation in metadata: {'paper_name': 'Skript', 'page_num': 85, 'full_path': './papers/Skript.pdf', 'bibtex_citation': {}}
root - ERROR - Missing or empty bibtex_citation in metadata: {'paper_name': 'Skript', 'page_num': 86, 'full_path': './papers/Skript.pdf', 'bibtex_citation': {}}
root - ERROR - Missing or empty bibtex_citation in metadata: {'paper_name': 'Skript', 'page_num': 87, 'full_path': './papers/Skript.pdf', 'bibtex_citation': {}}
root - ERROR - Missing or empty bibtex_citation in metadata: {'paper_name': 'Skript', 'page_num': 88, 'full_path': './papers/Skript.pdf', 'bibtex_citation': {}}
root - ERROR - Missing or empty bibtex_citation in metadata: {'paper_name': 'Skript', 'page_num': 89, 'full_path': './papers/Skript.pdf', 'bibtex_citation': {}}
root - ERROR - Missing or empty bibtex_citation in metadata: {'paper_name': 'Skript', 'page_num': 90, 'full_path': './papers/Skript.pdf', 'bibtex_citation': {}}
root - ERROR - Missing or empty bibtex_citation in metadata: {'paper_name': 'Skript', 'page_num': 91, 'full_path': './papers/Skript.pdf', 'bibtex_citation': {}}
root - ERROR - Missing or empty bibtex_citation in metadata: {'paper_name': 'Skript', 'page_num': 92, 'full_path': './papers/Skript.pdf', 'bibtex_citation': {}}
root - ERROR - Missing or empty bibtex_citation in metadata: {'paper_name': 'Skript', 'page_num': 93, 'full_path': './papers/Skript.pdf', 'bibtex_citation': {}}
root - ERROR - Missing or empty bibtex_citation in metadata: {'paper_name': 'Skript', 'page_num': 94, 'full_path': './papers/Skript.pdf', 'bibtex_citation': {}}
root - ERROR - Missing or empty bibtex_citation in metadata: {'paper_name': 'Skript', 'page_num': 95, 'full_path': './papers/Skript.pdf', 'bibtex_citation': {}}
root - ERROR - Missing or empty bibtex_citation in metadata: {'paper_name': 'Skript', 'page_num': 96, 'full_path': './papers/Skript.pdf', 'bibtex_citation': {}}
root - ERROR - Missing or empty bibtex_citation in metadata: {'paper_name': 'Skript', 'page_num': 97, 'full_path': './papers/Skript.pdf', 'bibtex_citation': {}}
root - ERROR - Missing or empty bibtex_citation in metadata: {'paper_name': 'Skript', 'page_num': 98, 'full_path': './papers/Skript.pdf', 'bibtex_citation': {}}
root - ERROR - Missing or empty bibtex_citation in metadata: {'paper_name': 'Skript', 'page_num': 99, 'full_path': './papers/Skript.pdf', 'bibtex_citation': {}}
root - ERROR - Missing or empty bibtex_citation in metadata: {'paper_name': 'Skript', 'page_num': 100, 'full_path': './papers/Skript.pdf', 'bibtex_citation': {}}
root - ERROR - Missing or empty bibtex_citation in metadata: {'paper_name': 'Skript', 'page_num': 101, 'full_path': './papers/Skript.pdf', 'bibtex_citation': {}}
root - ERROR - Missing or empty bibtex_citation in metadata: {'paper_name': 'Skript', 'page_num': 102, 'full_path': './papers/Skript.pdf', 'bibtex_citation': {}}
root - ERROR - Missing or empty bibtex_citation in metadata: {'paper_name': 'Skript', 'page_num': 103, 'full_path': './papers/Skript.pdf', 'bibtex_citation': {}}
root - ERROR - Missing or empty bibtex_citation in metadata: {'paper_name': 'Skript', 'page_num': 104, 'full_path': './papers/Skript.pdf', 'bibtex_citation': {}}
root - ERROR - Missing or empty bibtex_citation in metadata: {'paper_name': 'Skript', 'page_num': 105, 'full_path': './papers/Skript.pdf', 'bibtex_citation': {}}
root - ERROR - Missing or empty bibtex_citation in metadata: {'paper_name': 'Skript', 'page_num': 106, 'full_path': './papers/Skript.pdf', 'bibtex_citation': {}}
root - ERROR - Missing or empty bibtex_citation in metadata: {'paper_name': 'Skript', 'page_num': 107, 'full_path': './papers/Skript.pdf', 'bibtex_citation': {}}
root - ERROR - Missing or empty bibtex_citation in metadata: {'paper_name': 'Skript', 'page_num': 108, 'full_path': './papers/Skript.pdf', 'bibtex_citation': {}}
root - ERROR - Missing or empty bibtex_citation in metadata: {'paper_name': 'Skript', 'page_num': 109, 'full_path': './papers/Skript.pdf', 'bibtex_citation': {}}
root - ERROR - Missing or empty bibtex_citation in metadata: {'paper_name': 'Skript', 'page_num': 110, 'full_path': './papers/Skript.pdf', 'bibtex_citation': {}}
root - ERROR - Missing or empty bibtex_citation in metadata: {'paper_name': 'Skript', 'page_num': 111, 'full_path': './papers/Skript.pdf', 'bibtex_citation': {}}
root - ERROR - Missing or empty bibtex_citation in metadata: {'paper_name': 'Skript', 'page_num': 112, 'full_path': './papers/Skript.pdf', 'bibtex_citation': {}}
root - ERROR - Missing or empty bibtex_citation in metadata: {'paper_name': 'Skript', 'page_num': 113, 'full_path': './papers/Skript.pdf', 'bibtex_citation': {}}
root - ERROR - Missing or empty bibtex_citation in metadata: {'paper_name': 'Skript', 'page_num': 114, 'full_path': './papers/Skript.pdf', 'bibtex_citation': {}}
root - ERROR - Missing or empty bibtex_citation in metadata: {'paper_name': 'Skript', 'page_num': 115, 'full_path': './papers/Skript.pdf', 'bibtex_citation': {}}
root - ERROR - Missing or empty bibtex_citation in metadata: {'paper_name': 'Skript', 'page_num': 116, 'full_path': './papers/Skript.pdf', 'bibtex_citation': {}}
root - ERROR - Missing or empty bibtex_citation in metadata: {'paper_name': 'Skript', 'page_num': 117, 'full_path': './papers/Skript.pdf', 'bibtex_citation': {}}
root - ERROR - Missing or empty bibtex_citation in metadata: {'paper_name': 'Skript', 'page_num': 118, 'full_path': './papers/Skript.pdf', 'bibtex_citation': {}}
root - ERROR - Missing or empty bibtex_citation in metadata: {'paper_name': 'Skript', 'page_num': 119, 'full_path': './papers/Skript.pdf', 'bibtex_citation': {}}
root - ERROR - Missing or empty bibtex_citation in metadata: {'paper_name': 'Skript', 'page_num': 120, 'full_path': './papers/Skript.pdf', 'bibtex_citation': {}}
root - ERROR - Missing or empty bibtex_citation in metadata: {'paper_name': 'Skript', 'page_num': 121, 'full_path': './papers/Skript.pdf', 'bibtex_citation': {}}
root - ERROR - Missing or empty bibtex_citation in metadata: {'paper_name': 'Skript', 'page_num': 122, 'full_path': './papers/Skript.pdf', 'bibtex_citation': {}}
root - ERROR - Missing or empty bibtex_citation in metadata: {'paper_name': 'Skript', 'page_num': 123, 'full_path': './papers/Skript.pdf', 'bibtex_citation': {}}
root - ERROR - Missing or empty bibtex_citation in metadata: {'paper_name': 'Skript', 'page_num': 124, 'full_path': './papers/Skript.pdf', 'bibtex_citation': {}}
root - ERROR - Missing or empty bibtex_citation in metadata: {'paper_name': 'Skript', 'page_num': 125, 'full_path': './papers/Skript.pdf', 'bibtex_citation': {}}
root - ERROR - Missing or empty bibtex_citation in metadata: {'paper_name': 'Skript', 'page_num': 126, 'full_path': './papers/Skript.pdf', 'bibtex_citation': {}}
root - ERROR - Missing or empty bibtex_citation in metadata: {'paper_name': 'Skript', 'page_num': 127, 'full_path': './papers/Skript.pdf', 'bibtex_citation': {}}
root - ERROR - Missing or empty bibtex_citation in metadata: {'paper_name': 'Skript', 'page_num': 128, 'full_path': './papers/Skript.pdf', 'bibtex_citation': {}}
root - ERROR - Missing or empty bibtex_citation in metadata: {'paper_name': 'Skript', 'page_num': 129, 'full_path': './papers/Skript.pdf', 'bibtex_citation': {}}
root - ERROR - Missing or empty bibtex_citation in metadata: {'paper_name': 'Skript', 'page_num': 130, 'full_path': './papers/Skript.pdf', 'bibtex_citation': {}}
root - ERROR - Missing or empty bibtex_citation in metadata: {'paper_name': 'Skript', 'page_num': 131, 'full_path': './papers/Skript.pdf', 'bibtex_citation': {}}
root - ERROR - Missing or empty bibtex_citation in metadata: {'paper_name': 'Skript', 'page_num': 132, 'full_path': './papers/Skript.pdf', 'bibtex_citation': {}}
root - ERROR - Missing or empty bibtex_citation in metadata: {'paper_name': 'Skript', 'page_num': 133, 'full_path': './papers/Skript.pdf', 'bibtex_citation': {}}
root - ERROR - Missing or empty bibtex_citation in metadata: {'paper_name': 'Skript', 'page_num': 134, 'full_path': './papers/Skript.pdf', 'bibtex_citation': {}}
root - ERROR - Missing or empty bibtex_citation in metadata: {'paper_name': 'Skript', 'page_num': 135, 'full_path': './papers/Skript.pdf', 'bibtex_citation': {}}
root - ERROR - Missing or empty bibtex_citation in metadata: {'paper_name': 'Skript', 'page_num': 136, 'full_path': './papers/Skript.pdf', 'bibtex_citation': {}}
root - ERROR - Missing or empty bibtex_citation in metadata: {'paper_name': 'Skript', 'page_num': 137, 'full_path': './papers/Skript.pdf', 'bibtex_citation': {}}
root - ERROR - Missing or empty bibtex_citation in metadata: {'paper_name': 'Skript', 'page_num': 138, 'full_path': './papers/Skript.pdf', 'bibtex_citation': {}}
root - ERROR - Missing or empty bibtex_citation in metadata: {'paper_name': 'Skript', 'page_num': 139, 'full_path': './papers/Skript.pdf', 'bibtex_citation': {}}
root - ERROR - Missing or empty bibtex_citation in metadata: {'paper_name': 'Skript', 'page_num': 140, 'full_path': './papers/Skript.pdf', 'bibtex_citation': {}}
root - ERROR - Missing or empty bibtex_citation in metadata: {'paper_name': 'Skript', 'page_num': 141, 'full_path': './papers/Skript.pdf', 'bibtex_citation': {}}
root - ERROR - Missing or empty bibtex_citation in metadata: {'paper_name': 'Skript', 'page_num': 142, 'full_path': './papers/Skript.pdf', 'bibtex_citation': {}}
root - ERROR - Missing or empty bibtex_citation in metadata: {'paper_name': 'Skript', 'page_num': 143, 'full_path': './papers/Skript.pdf', 'bibtex_citation': {}}
root - ERROR - Missing or empty bibtex_citation in metadata: {'paper_name': 'Skript', 'page_num': 144, 'full_path': './papers/Skript.pdf', 'bibtex_citation': {}}
root - ERROR - Missing or empty bibtex_citation in metadata: {'paper_name': 'Skript', 'page_num': 145, 'full_path': './papers/Skript.pdf', 'bibtex_citation': {}}
root - ERROR - Missing or empty bibtex_citation in metadata: {'paper_name': 'Skript', 'page_num': 146, 'full_path': './papers/Skript.pdf', 'bibtex_citation': {}}
root - ERROR - Missing or empty bibtex_citation in metadata: {'paper_name': 'Skript', 'page_num': 147, 'full_path': './papers/Skript.pdf', 'bibtex_citation': {}}
root - ERROR - Missing or empty bibtex_citation in metadata: {'paper_name': 'Skript', 'page_num': 148, 'full_path': './papers/Skript.pdf', 'bibtex_citation': {}}
root - ERROR - Missing or empty bibtex_citation in metadata: {'paper_name': 'Skript', 'page_num': 149, 'full_path': './papers/Skript.pdf', 'bibtex_citation': {}}
root - ERROR - Missing or empty bibtex_citation in metadata: {'paper_name': 'Skript', 'page_num': 150, 'full_path': './papers/Skript.pdf', 'bibtex_citation': {}}
root - ERROR - Missing or empty bibtex_citation in metadata: {'paper_name': 'Skript', 'page_num': 151, 'full_path': './papers/Skript.pdf', 'bibtex_citation': {}}
root - ERROR - Missing or empty bibtex_citation in metadata: {'paper_name': 'Skript', 'page_num': 152, 'full_path': './papers/Skript.pdf', 'bibtex_citation': {}}
root - ERROR - Missing or empty bibtex_citation in metadata: {'paper_name': 'Skript', 'page_num': 153, 'full_path': './papers/Skript.pdf', 'bibtex_citation': {}}
root - ERROR - Missing or empty bibtex_citation in metadata: {'paper_name': 'Skript', 'page_num': 154, 'full_path': './papers/Skript.pdf', 'bibtex_citation': {}}
root - ERROR - Missing or empty bibtex_citation in metadata: {'paper_name': 'Skript', 'page_num': 155, 'full_path': './papers/Skript.pdf', 'bibtex_citation': {}}
root - ERROR - Missing or empty bibtex_citation in metadata: {'paper_name': 'Skript', 'page_num': 156, 'full_path': './papers/Skript.pdf', 'bibtex_citation': {}}
root - ERROR - Missing or empty bibtex_citation in metadata: {'paper_name': 'Skript', 'page_num': 157, 'full_path': './papers/Skript.pdf', 'bibtex_citation': {}}
root - ERROR - Missing or empty bibtex_citation in metadata: {'paper_name': 'Skript', 'page_num': 158, 'full_path': './papers/Skript.pdf', 'bibtex_citation': {}}
root - ERROR - Missing or empty bibtex_citation in metadata: {'paper_name': 'Skript', 'page_num': 159, 'full_path': './papers/Skript.pdf', 'bibtex_citation': {}}
root - ERROR - Missing or empty bibtex_citation in metadata: {'paper_name': 'Skript', 'page_num': 160, 'full_path': './papers/Skript.pdf', 'bibtex_citation': {}}
root - ERROR - Missing or empty bibtex_citation in metadata: {'paper_name': 'Skript', 'page_num': 161, 'full_path': './papers/Skript.pdf', 'bibtex_citation': {}}
root - ERROR - Missing or empty bibtex_citation in metadata: {'paper_name': 'Skript', 'page_num': 162, 'full_path': './papers/Skript.pdf', 'bibtex_citation': {}}
root - ERROR - Missing or empty bibtex_citation in metadata: {'paper_name': 'Skript', 'page_num': 163, 'full_path': './papers/Skript.pdf', 'bibtex_citation': {}}
root - ERROR - Missing or empty bibtex_citation in metadata: {'paper_name': 'Skript', 'page_num': 164, 'full_path': './papers/Skript.pdf', 'bibtex_citation': {}}
root - ERROR - Missing or empty bibtex_citation in metadata: {'paper_name': 'Skript', 'page_num': 165, 'full_path': './papers/Skript.pdf', 'bibtex_citation': {}}
root - ERROR - Missing or empty bibtex_citation in metadata: {'paper_name': 'Skript', 'page_num': 166, 'full_path': './papers/Skript.pdf', 'bibtex_citation': {}}
root - ERROR - Missing or empty bibtex_citation in metadata: {'paper_name': 'Skript', 'page_num': 167, 'full_path': './papers/Skript.pdf', 'bibtex_citation': {}}
root - ERROR - Missing or empty bibtex_citation in metadata: {'paper_name': 'Skript', 'page_num': 168, 'full_path': './papers/Skript.pdf', 'bibtex_citation': {}}
root - ERROR - Missing or empty bibtex_citation in metadata: {'paper_name': 'Skript', 'page_num': 169, 'full_path': './papers/Skript.pdf', 'bibtex_citation': {}}
root - ERROR - Missing or empty bibtex_citation in metadata: {'paper_name': 'Skript', 'page_num': 170, 'full_path': './papers/Skript.pdf', 'bibtex_citation': {}}
root - ERROR - Missing or empty bibtex_citation in metadata: {'paper_name': 'Skript', 'page_num': 171, 'full_path': './papers/Skript.pdf', 'bibtex_citation': {}}
root - ERROR - Missing or empty bibtex_citation in metadata: {'paper_name': 'Skript', 'page_num': 172, 'full_path': './papers/Skript.pdf', 'bibtex_citation': {}}
root - ERROR - Missing or empty bibtex_citation in metadata: {'paper_name': 'Skript', 'page_num': 173, 'full_path': './papers/Skript.pdf', 'bibtex_citation': {}}
root - ERROR - Missing or empty bibtex_citation in metadata: {'paper_name': 'Skript', 'page_num': 174, 'full_path': './papers/Skript.pdf', 'bibtex_citation': {}}
root - ERROR - Missing or empty bibtex_citation in metadata: {'paper_name': 'Skript', 'page_num': 175, 'full_path': './papers/Skript.pdf', 'bibtex_citation': {}}
root - ERROR - Missing or empty bibtex_citation in metadata: {'paper_name': 'Skript', 'page_num': 176, 'full_path': './papers/Skript.pdf', 'bibtex_citation': {}}
root - ERROR - Missing or empty bibtex_citation in metadata: {'paper_name': 'Skript', 'page_num': 177, 'full_path': './papers/Skript.pdf', 'bibtex_citation': {}}
root - ERROR - Missing or empty bibtex_citation in metadata: {'paper_name': 'Skript', 'page_num': 178, 'full_path': './papers/Skript.pdf', 'bibtex_citation': {}}
root - ERROR - Missing or empty bibtex_citation in metadata: {'paper_name': 'Skript', 'page_num': 179, 'full_path': './papers/Skript.pdf', 'bibtex_citation': {}}
root - ERROR - Missing or empty bibtex_citation in metadata: {'paper_name': 'Skript', 'page_num': 180, 'full_path': './papers/Skript.pdf', 'bibtex_citation': {}}
root - ERROR - Missing or empty bibtex_citation in metadata: {'paper_name': 'Skript', 'page_num': 181, 'full_path': './papers/Skript.pdf', 'bibtex_citation': {}}
root - ERROR - Missing or empty bibtex_citation in metadata: {'paper_name': 'Skript', 'page_num': 182, 'full_path': './papers/Skript.pdf', 'bibtex_citation': {}}
root - ERROR - Missing or empty bibtex_citation in metadata: {'paper_name': 'Skript', 'page_num': 183, 'full_path': './papers/Skript.pdf', 'bibtex_citation': {}}
root - ERROR - Missing or empty bibtex_citation in metadata: {'paper_name': 'Skript', 'page_num': 184, 'full_path': './papers/Skript.pdf', 'bibtex_citation': {}}
root - ERROR - Missing or empty bibtex_citation in metadata: {'paper_name': 'Skript', 'page_num': 185, 'full_path': './papers/Skript.pdf', 'bibtex_citation': {}}
root - ERROR - Missing or empty bibtex_citation in metadata: {'paper_name': 'Skript', 'page_num': 186, 'full_path': './papers/Skript.pdf', 'bibtex_citation': {}}
root - ERROR - Missing or empty bibtex_citation in metadata: {'paper_name': 'Skript', 'page_num': 187, 'full_path': './papers/Skript.pdf', 'bibtex_citation': {}}
root - ERROR - Missing or empty bibtex_citation in metadata: {'paper_name': 'Skript', 'page_num': 188, 'full_path': './papers/Skript.pdf', 'bibtex_citation': {}}
root - ERROR - Missing or empty bibtex_citation in metadata: {'paper_name': 'Skript', 'page_num': 189, 'full_path': './papers/Skript.pdf', 'bibtex_citation': {}}
root - ERROR - Missing or empty bibtex_citation in metadata: {'paper_name': 'Skript', 'page_num': 190, 'full_path': './papers/Skript.pdf', 'bibtex_citation': {}}
root - ERROR - Missing or empty bibtex_citation in metadata: {'paper_name': 'Skript', 'page_num': 191, 'full_path': './papers/Skript.pdf', 'bibtex_citation': {}}
root - ERROR - Missing or empty bibtex_citation in metadata: {'paper_name': 'Skript', 'page_num': 192, 'full_path': './papers/Skript.pdf', 'bibtex_citation': {}}
root - ERROR - Missing or empty bibtex_citation in metadata: {'paper_name': 'Skript', 'page_num': 193, 'full_path': './papers/Skript.pdf', 'bibtex_citation': {}}
root - ERROR - Missing or empty bibtex_citation in metadata: {'paper_name': 'Skript', 'page_num': 194, 'full_path': './papers/Skript.pdf', 'bibtex_citation': {}}
root - ERROR - Missing or empty bibtex_citation in metadata: {'paper_name': 'Skript', 'page_num': 195, 'full_path': './papers/Skript.pdf', 'bibtex_citation': {}}
root - ERROR - Missing or empty bibtex_citation in metadata: {'paper_name': 'Skript', 'page_num': 196, 'full_path': './papers/Skript.pdf', 'bibtex_citation': {}}
root - ERROR - Missing or empty bibtex_citation in metadata: {'paper_name': 'Skript', 'page_num': 197, 'full_path': './papers/Skript.pdf', 'bibtex_citation': {}}
root - ERROR - Missing or empty bibtex_citation in metadata: {'paper_name': 'Skript', 'page_num': 198, 'full_path': './papers/Skript.pdf', 'bibtex_citation': {}}
root - ERROR - Missing or empty bibtex_citation in metadata: {'paper_name': 'Skript', 'page_num': 199, 'full_path': './papers/Skript.pdf', 'bibtex_citation': {}}
root - ERROR - Missing or empty bibtex_citation in metadata: {'paper_name': 'Skript', 'page_num': 200, 'full_path': './papers/Skript.pdf', 'bibtex_citation': {}}
root - ERROR - Missing or empty bibtex_citation in metadata: {'paper_name': 'Skript', 'page_num': 201, 'full_path': './papers/Skript.pdf', 'bibtex_citation': {}}
root - ERROR - Missing or empty bibtex_citation in metadata: {'paper_name': 'Skript', 'page_num': 202, 'full_path': './papers/Skript.pdf', 'bibtex_citation': {}}
root - ERROR - Missing or empty bibtex_citation in metadata: {'paper_name': 'Skript', 'page_num': 203, 'full_path': './papers/Skript.pdf', 'bibtex_citation': {}}
root - ERROR - Missing or empty bibtex_citation in metadata: {'paper_name': 'Skript', 'page_num': 204, 'full_path': './papers/Skript.pdf', 'bibtex_citation': {}}
root - ERROR - Missing or empty bibtex_citation in metadata: {'paper_name': 'Skript', 'page_num': 205, 'full_path': './papers/Skript.pdf', 'bibtex_citation': {}}
root - ERROR - Missing or empty bibtex_citation in metadata: {'paper_name': 'Skript', 'page_num': 206, 'full_path': './papers/Skript.pdf', 'bibtex_citation': {}}
sentence_transformers.SentenceTransformer - INFO - Load pretrained SentenceTransformer: sentence-transformers/all-MiniLM-L6-v2
sentence_transformers.SentenceTransformer - INFO - Use pytorch device: cuda
chromadb.telemetry.posthog - INFO - Anonymized telemetry enabled. See https://docs.trychroma.com/telemetry for more information.
